<?xml version="1.0" encoding="UTF-8"?>
<coverage generated="1581399578">
  <project timestamp="1581399578">
    <package name="KodeKeep\SecureShell\Concerns">
      <file name="/Users/dev/Code/kodekeep/laravel-ssh/src/Concerns/FakesResponse.php">
        <class name="FakesResponse" namespace="KodeKeep\SecureShell\Concerns">
          <metrics complexity="2" methods="0" coveredmethods="0" conditionals="0" coveredconditionals="0" statements="0" coveredstatements="0" elements="0" coveredelements="0"/>
        </class>
        <metrics loc="37" ncloc="23" classes="0" methods="0" coveredmethods="0" conditionals="0" coveredconditionals="0" statements="0" coveredstatements="0" elements="0" coveredelements="0"/>
      </file>
      <file name="/Users/dev/Code/kodekeep/laravel-ssh/src/Concerns/InteractsWithFiles.php">
        <class name="InteractsWithFiles" namespace="KodeKeep\SecureShell\Concerns">
          <metrics complexity="1" methods="1" coveredmethods="1" conditionals="0" coveredconditionals="0" statements="3" coveredstatements="3" elements="4" coveredelements="4"/>
        </class>
        <line num="22" type="method" name="copy" visibility="public" complexity="1" crap="1" count="1"/>
        <line num="24" type="stmt" count="1"/>
        <line num="25" type="stmt" count="1"/>
        <line num="27" type="stmt" count="1"/>
        <metrics loc="29" ncloc="21" classes="1" methods="1" coveredmethods="1" conditionals="0" coveredconditionals="0" statements="3" coveredstatements="3" elements="4" coveredelements="4"/>
      </file>
      <file name="/Users/dev/Code/kodekeep/laravel-ssh/src/Concerns/InteractsWithOptions.php">
        <class name="InteractsWithOptions" namespace="KodeKeep\SecureShell\Concerns">
          <metrics complexity="11" methods="11" coveredmethods="11" conditionals="0" coveredconditionals="0" statements="22" coveredstatements="22" elements="33" coveredelements="33"/>
        </class>
        <line num="34" type="method" name="useUser" visibility="public" complexity="1" crap="1" count="18"/>
        <line num="36" type="stmt" count="18"/>
        <line num="38" type="stmt" count="18"/>
        <line num="41" type="method" name="useHost" visibility="public" complexity="1" crap="1" count="18"/>
        <line num="43" type="stmt" count="18"/>
        <line num="45" type="stmt" count="18"/>
        <line num="48" type="method" name="usePort" visibility="public" complexity="1" crap="1" count="18"/>
        <line num="50" type="stmt" count="18"/>
        <line num="52" type="stmt" count="18"/>
        <line num="55" type="method" name="usePrivateKey" visibility="public" complexity="1" crap="1" count="1"/>
        <line num="57" type="stmt" count="1"/>
        <line num="59" type="stmt" count="1"/>
        <line num="62" type="method" name="useTimeout" visibility="public" complexity="1" crap="1" count="1"/>
        <line num="64" type="stmt" count="1"/>
        <line num="66" type="stmt" count="1"/>
        <line num="69" type="method" name="enableStrictHostKeyChecking" visibility="public" complexity="1" crap="1" count="1"/>
        <line num="71" type="stmt" count="1"/>
        <line num="73" type="stmt" count="1"/>
        <line num="76" type="method" name="disableStrictHostKeyChecking" visibility="public" complexity="1" crap="1" count="1"/>
        <line num="78" type="stmt" count="1"/>
        <line num="80" type="stmt" count="1"/>
        <line num="83" type="method" name="enableBatchMode" visibility="public" complexity="1" crap="1" count="1"/>
        <line num="85" type="stmt" count="1"/>
        <line num="87" type="stmt" count="1"/>
        <line num="90" type="method" name="disableBatchMode" visibility="public" complexity="1" crap="1" count="1"/>
        <line num="92" type="stmt" count="1"/>
        <line num="94" type="stmt" count="1"/>
        <line num="97" type="method" name="enablePasswordAuthentication" visibility="public" complexity="1" crap="1" count="1"/>
        <line num="99" type="stmt" count="1"/>
        <line num="101" type="stmt" count="1"/>
        <line num="104" type="method" name="disablePasswordAuthentication" visibility="public" complexity="1" crap="1" count="1"/>
        <line num="106" type="stmt" count="1"/>
        <line num="108" type="stmt" count="1"/>
        <metrics loc="110" ncloc="102" classes="1" methods="11" coveredmethods="11" conditionals="0" coveredconditionals="0" statements="22" coveredstatements="22" elements="33" coveredelements="33"/>
      </file>
    </package>
    <file name="/Users/dev/Code/kodekeep/laravel-ssh/src/Contracts/Shell.php">
      <metrics loc="19" ncloc="9" classes="0" methods="0" coveredmethods="0" conditionals="0" coveredconditionals="0" statements="0" coveredstatements="0" elements="0" coveredelements="0"/>
    </file>
    <package name="KodeKeep\SecureShell">
      <file name="/Users/dev/Code/kodekeep/laravel-ssh/src/SecureCopyShell.php">
        <class name="KodeKeep\SecureShell\SecureCopyShell" namespace="KodeKeep\SecureShell">
          <metrics complexity="3" methods="3" coveredmethods="3" conditionals="0" coveredconditionals="0" statements="7" coveredstatements="7" elements="10" coveredelements="10"/>
        </class>
        <line num="27" type="method" name="__construct" visibility="public" complexity="1" crap="1" count="3"/>
        <line num="29" type="stmt" count="3"/>
        <line num="30" type="stmt" count="3"/>
        <line num="32" type="method" name="execute" visibility="public" complexity="1" crap="1" count="1"/>
        <line num="34" type="stmt" count="1"/>
        <line num="36" type="stmt" count="1"/>
        <line num="37" type="stmt" count="1"/>
        <line num="39" type="stmt" count="1"/>
        <line num="42" type="method" name="getCommand" visibility="public" complexity="1" crap="1" count="2"/>
        <line num="44" type="stmt" count="2"/>
        <metrics loc="46" ncloc="38" classes="1" methods="3" coveredmethods="3" conditionals="0" coveredconditionals="0" statements="7" coveredstatements="7" elements="10" coveredelements="10"/>
      </file>
      <file name="/Users/dev/Code/kodekeep/laravel-ssh/src/SecureShell.php">
        <class name="KodeKeep\SecureShell\SecureShell" namespace="KodeKeep\SecureShell">
          <metrics complexity="3" methods="3" coveredmethods="3" conditionals="0" coveredconditionals="0" statements="10" coveredstatements="10" elements="13" coveredelements="13"/>
        </class>
        <line num="25" type="method" name="__construct" visibility="public" complexity="1" crap="1" count="4"/>
        <line num="27" type="stmt" count="4"/>
        <line num="28" type="stmt" count="4"/>
        <line num="30" type="method" name="execute" visibility="public" complexity="1" crap="1" count="1"/>
        <line num="32" type="stmt" count="1"/>
        <line num="34" type="stmt" count="1"/>
        <line num="35" type="stmt" count="1"/>
        <line num="37" type="stmt" count="1"/>
        <line num="40" type="method" name="getCommand" visibility="public" complexity="1" crap="1" count="4"/>
        <line num="42" type="stmt" count="4"/>
        <line num="44" type="stmt" count="4"/>
        <line num="46" type="stmt" count="4"/>
        <line num="48" type="stmt" count="4"/>
        <metrics loc="50" ncloc="42" classes="1" methods="3" coveredmethods="3" conditionals="0" coveredconditionals="0" statements="10" coveredstatements="10" elements="13" coveredelements="13"/>
      </file>
      <file name="/Users/dev/Code/kodekeep/laravel-ssh/src/SecureShellCommand.php">
        <class name="KodeKeep\SecureShell\SecureShellCommand" namespace="KodeKeep\SecureShell">
          <metrics complexity="7" methods="3" coveredmethods="3" conditionals="0" coveredconditionals="0" statements="19" coveredstatements="19" elements="22" coveredelements="22"/>
        </class>
        <line num="20" type="method" name="forScript" visibility="public" complexity="1" crap="1" count="1"/>
        <line num="22" type="stmt" count="1"/>
        <line num="24" type="stmt" count="1"/>
        <line num="25" type="stmt" count="1"/>
        <line num="26" type="stmt" count="1"/>
        <line num="30" type="method" name="forUpload" visibility="public" complexity="1" crap="1" count="1"/>
        <line num="32" type="stmt" count="1"/>
        <line num="34" type="stmt" count="1"/>
        <line num="35" type="stmt" count="1"/>
        <line num="36" type="stmt" count="1"/>
        <line num="40" type="method" name="getSharedOptions" visibility="private" complexity="5" crap="5" count="2"/>
        <line num="42" type="stmt" count="2"/>
        <line num="44" type="stmt" count="2"/>
        <line num="45" type="stmt" count="2"/>
        <line num="48" type="stmt" count="2"/>
        <line num="49" type="stmt" count="2"/>
        <line num="50" type="stmt" count="2"/>
        <line num="53" type="stmt" count="2"/>
        <line num="54" type="stmt" count="2"/>
        <line num="57" type="stmt" count="2"/>
        <line num="58" type="stmt" count="2"/>
        <line num="61" type="stmt" count="2"/>
        <metrics loc="63" ncloc="55" classes="1" methods="3" coveredmethods="3" conditionals="0" coveredconditionals="0" statements="19" coveredstatements="19" elements="22" coveredelements="22"/>
      </file>
      <file name="/Users/dev/Code/kodekeep/laravel-ssh/src/SecureShellKey.php">
        <class name="KodeKeep\SecureShell\SecureShellKey" namespace="KodeKeep\SecureShell">
          <metrics complexity="5" methods="4" coveredmethods="4" conditionals="0" coveredconditionals="0" statements="19" coveredstatements="19" elements="23" coveredelements="23"/>
        </class>
        <line num="21" type="method" name="make" visibility="public" complexity="1" crap="1" count="1"/>
        <line num="23" type="stmt" count="1"/>
        <line num="25" type="stmt" count="1"/>
        <line num="26" type="stmt" count="1"/>
        <line num="27" type="stmt" count="1"/>
        <line num="28" type="stmt" count="1"/>
        <line num="31" type="stmt" count="1"/>
        <line num="32" type="stmt" count="1"/>
        <line num="35" type="stmt" count="1"/>
        <line num="36" type="stmt" count="1"/>
        <line num="38" type="stmt" count="1"/>
        <line num="41" type="method" name="storeFor" visibility="public" complexity="1" crap="1" count="1"/>
        <line num="44" type="stmt" count="1"/>
        <line num="46" type="stmt" count="1"/>
        <line num="47" type="stmt" count="1"/>
        <line num="50" type="method" name="ensureKeyDirectoryExists" visibility="private" complexity="2" crap="2" count="1"/>
        <line num="52" type="stmt" count="1"/>
        <line num="53" type="stmt" count="1"/>
        <line num="55" type="stmt" count="1"/>
        <line num="57" type="method" name="ensureFileExists" visibility="private" complexity="1" crap="1" count="1"/>
        <line num="59" type="stmt" count="1"/>
        <line num="61" type="stmt" count="1"/>
        <line num="62" type="stmt" count="1"/>
        <metrics loc="63" ncloc="55" classes="1" methods="4" coveredmethods="4" conditionals="0" coveredconditionals="0" statements="19" coveredstatements="19" elements="23" coveredelements="23"/>
      </file>
      <file name="/Users/dev/Code/kodekeep/laravel-ssh/src/ShellProcessRunner.php">
        <class name="KodeKeep\SecureShell\ShellProcessRunner" namespace="KodeKeep\SecureShell">
          <metrics complexity="2" methods="1" coveredmethods="1" conditionals="0" coveredconditionals="0" statements="6" coveredstatements="6" elements="7" coveredelements="7"/>
        </class>
        <line num="24" type="method" name="run" visibility="public" complexity="2" crap="2" count="2"/>
        <line num="27" type="stmt" count="2"/>
        <line num="28" type="stmt" count="1"/>
        <line num="29" type="stmt" count="1"/>
        <line num="32" type="stmt" count="2"/>
        <line num="34" type="stmt" count="2"/>
        <line num="36" type="stmt" count="2"/>
        <metrics loc="38" ncloc="30" classes="1" methods="1" coveredmethods="1" conditionals="0" coveredconditionals="0" statements="6" coveredstatements="6" elements="7" coveredelements="7"/>
      </file>
      <file name="/Users/dev/Code/kodekeep/laravel-ssh/src/ShellResponse.php">
        <class name="KodeKeep\SecureShell\ShellResponse" namespace="KodeKeep\SecureShell">
          <metrics complexity="3" methods="3" coveredmethods="3" conditionals="0" coveredconditionals="0" statements="7" coveredstatements="7" elements="10" coveredelements="10"/>
        </class>
        <line num="28" type="method" name="__construct" visibility="public" complexity="1" crap="1" count="2"/>
        <line num="30" type="stmt" count="2"/>
        <line num="31" type="stmt" count="2"/>
        <line num="32" type="stmt" count="2"/>
        <line num="33" type="stmt" count="2"/>
        <line num="35" type="method" name="setProcess" visibility="public" complexity="1" crap="1" count="1"/>
        <line num="37" type="stmt" count="1"/>
        <line num="38" type="stmt" count="1"/>
        <line num="40" type="method" name="__call" visibility="public" complexity="1" crap="1" count="1"/>
        <line num="42" type="stmt" count="1"/>
        <metrics loc="44" ncloc="36" classes="1" methods="3" coveredmethods="3" conditionals="0" coveredconditionals="0" statements="7" coveredstatements="7" elements="10" coveredelements="10"/>
      </file>
    </package>
    <metrics files="10" loc="499" ncloc="411" classes="8" methods="29" coveredmethods="29" conditionals="0" coveredconditionals="0" statements="93" coveredstatements="93" elements="122" coveredelements="122"/>
  </project>
</coverage>
